<?xml version="1.0" encoding="UTF-8"?>
<!-- Generated by org.testng.reporters.JUnitXMLReporter -->
<testsuite ignored="0" hostname="Sridhar" failures="0" tests="3" name="Default test" time="10.956" errors="0" timestamp="2024-01-05T12:54:09 IST">
  <testcase classname="TestNGFramework01.DataProviderExamples001" name="Login" time="1.692"/>
  <testcase classname="TestNGFramework01.DataProviderExamples001" name="Login" time="1.024"/>
  <testcase classname="TestNGFramework01.DataProviderExamples001" name="Login" time="1.22"/>
</testsuite> <!-- Default test -->
