<?xml version="1.0" encoding="UTF-8"?>
<testng-results ignored="0" total="3" passed="3" failed="0" skipped="0">
  <reporter-output>
  </reporter-output>
  <suite started-at="2024-01-05T12:53:58 IST" name="Default suite" finished-at="2024-01-05T12:54:09 IST" duration-ms="10956">
    <groups>
    </groups>
    <test started-at="2024-01-05T12:53:58 IST" name="Default test" finished-at="2024-01-05T12:54:09 IST" duration-ms="10956">
      <class name="TestNGFramework01.DataProviderExamples001">
        <test-method is-config="true" signature="openapplication()[pri:0, instance:TestNGFramework01.DataProviderExamples001@765d7657]" started-at="2024-01-05T12:53:58 IST" name="openapplication" finished-at="2024-01-05T12:54:04 IST" duration-ms="6676" status="PASS">
          <reporter-output>
          </reporter-output>
        </test-method> <!-- openapplication -->
        <test-method signature="Login(java.lang.String,java.lang.String)[pri:0, instance:TestNGFramework01.DataProviderExamples001@765d7657]" started-at="2024-01-05T12:54:04 IST" name="Login" data-provider="dp" finished-at="2024-01-05T12:54:06 IST" duration-ms="1692" status="PASS">
          <params>
            <param index="0">
              <value>
                <![CDATA[mahesh23456]]>
              </value>
            </param>
            <param index="1">
              <value>
                <![CDATA[India@1235]]>
              </value>
            </param>
          </params>
          <reporter-output>
          </reporter-output>
        </test-method> <!-- Login -->
        <test-method signature="Login(java.lang.String,java.lang.String)[pri:0, instance:TestNGFramework01.DataProviderExamples001@765d7657]" started-at="2024-01-05T12:54:06 IST" name="Login" data-provider="dp" finished-at="2024-01-05T12:54:07 IST" duration-ms="1024" status="PASS">
          <params>
            <param index="0">
              <value>
                <![CDATA[kiran23456]]>
              </value>
            </param>
            <param index="1">
              <value>
                <![CDATA[India@3456]]>
              </value>
            </param>
          </params>
          <reporter-output>
          </reporter-output>
        </test-method> <!-- Login -->
        <test-method signature="Login(java.lang.String,java.lang.String)[pri:0, instance:TestNGFramework01.DataProviderExamples001@765d7657]" started-at="2024-01-05T12:54:07 IST" name="Login" data-provider="dp" finished-at="2024-01-05T12:54:08 IST" duration-ms="1220" status="PASS">
          <params>
            <param index="0">
              <value>
                <![CDATA[mahesh23456]]>
              </value>
            </param>
            <param index="1">
              <value>
                <![CDATA[India@123]]>
              </value>
            </param>
          </params>
          <reporter-output>
          </reporter-output>
        </test-method> <!-- Login -->
        <test-method is-config="true" signature="closeapplication()[pri:0, instance:TestNGFramework01.DataProviderExamples001@765d7657]" started-at="2024-01-05T12:54:08 IST" name="closeapplication" finished-at="2024-01-05T12:54:09 IST" duration-ms="166" status="PASS">
          <reporter-output>
          </reporter-output>
        </test-method> <!-- closeapplication -->
      </class> <!-- TestNGFramework01.DataProviderExamples001 -->
    </test> <!-- Default test -->
  </suite> <!-- Default suite -->
</testng-results>
